> Task :checkKotlinGradlePluginConfigurationErrors SKIPPED
> Task :compileKotlin UP-TO-DATE
> Task :compileJava NO-SOURCE
> Task :processResources
> Task :classes
> Task :resolveMainClassName

> Task :bootRun

  .   ____          _            __ _ _
 /\\ / ___'_ __ _ _(_)_ __  __ _ \ \ \ \
( ( )\___ | '_ | '_| | '_ \/ _` | \ \ \ \
 \\/  ___)| |_)| | | | | || (_| |  ) ) ) )
  '  |____| .__|_| |_|_| |_\__, | / / / /
 =========|_|==============|___/=/_/_/_/

 :: Spring Boot ::                (v4.0.5)

2026-04-02T17:58:45.826+02:00  INFO 98359 --- [notification-gateway] [           main] c.s.n.NotificationGatewayApplicationKt   : Starting NotificationGatewayApplicationKt using Java 21.0.9 with PID 98359 (/Users/asishjacob/learn-kotlin/notification-gateway/build/classes/kotlin/main started by asishjacob in /Users/asishjacob/learn-kotlin/notification-gateway)
2026-04-02T17:58:45.828+02:00  INFO 98359 --- [notification-gateway] [           main] c.s.n.NotificationGatewayApplicationKt   : No active profile set, falling back to 1 default profile: "default"
2026-04-02T17:58:46.382+02:00  INFO 98359 --- [notification-gateway] [           main] .s.d.r.c.RepositoryConfigurationDelegate : Bootstrapping Spring Data R2DBC repositories in DEFAULT mode.
2026-04-02T17:58:46.481+02:00  INFO 98359 --- [notification-gateway] [           main] .s.d.r.c.RepositoryConfigurationDelegate : Finished Spring Data repository scanning in 95 ms. Found 1 R2DBC repository interface.
2026-04-02T17:58:47.207+02:00  INFO 98359 --- [notification-gateway] [           main] o.s.b.a.e.web.EndpointLinksResolver      : Exposing 1 endpoint beneath base path '/actuator'
2026-04-02T17:58:47.522+02:00  INFO 98359 --- [notification-gateway] [           main] o.s.boot.reactor.netty.NettyWebServer    : Netty started on port 8081 (http)
2026-04-02T17:58:47.525+02:00  INFO 98359 --- [notification-gateway] [           main] c.s.n.NotificationGatewayApplicationKt   : Started NotificationGatewayApplicationKt in 1.875 seconds (process running for 2.101)
2026-04-02T17:58:48.666+02:00  INFO 98359 --- [notification-gateway] [ctor-http-nio-2] c.s.n.web.NotificationController         : Received notification request for user [user123]. correlationId: [docker-integration-1], internalTraceId: [1ffc7f7d-0f72-4ed2-bb3a-44e3e010db8e]
2026-04-02T17:58:48.670+02:00  INFO 98359 --- [notification-gateway] [atcher-worker-1] kotlinx.coroutines.CoroutineScope        : Processing notification request for user [user123], traceId: [1ffc7f7d-0f72-4ed2-bb3a-44e3e010db8e], correlationId: [docker-integration-1]
2026-04-02T17:58:48.929+02:00  INFO 98359 --- [notification-gateway] [atcher-worker-2] kotlinx.coroutines.CoroutineScope        : Finished processing notification routing for traceId: [1ffc7f7d-0f72-4ed2-bb3a-44e3e010db8e]
2026-04-02T17:58:48.929+02:00  INFO 98359 --- [notification-gateway] [atcher-worker-2] c.s.n.web.NotificationController         : Successfully enqueued notification. internalTraceId: [1ffc7f7d-0f72-4ed2-bb3a-44e3e010db8e]
